2026-05-12 10:06:53,177 | INFO | APPLICATION_STARTUP
2026-05-12 10:06:53,178 | INFO | ENV_LOADED
2026-05-12 10:06:53,178 | INFO | CONFIG_LOADED
2026-05-12 10:06:53,179 | ERROR | APPLICATION_STARTUP_FAILED | error=Either 'SQLALCHEMY_DATABASE_URI' or 'SQLALCHEMY_BINDS' must be set.
2026-05-12 10:08:55,050 | INFO | APPLICATION_STARTUP
2026-05-12 10:08:55,050 | INFO | ENV_LOADED
2026-05-12 10:08:55,051 | INFO | CONFIG_LOADED
2026-05-12 10:08:55,096 | INFO | DB_INITIALIZED
2026-05-12 10:09:00,002 | INFO | DATABASE_CONNECTED
2026-05-12 10:09:00,239 | INFO | JWT_INITIALIZED
2026-05-12 10:09:00,248 | INFO | MIGRATION_INITIALIZED
2026-05-12 10:09:00,271 | ERROR | APPLICATION_STARTUP_FAILED | error=No module named 'fountainLandingPage'
2026-05-12 10:11:46,594 | INFO | APPLICATION_STARTUP
2026-05-12 10:11:46,595 | INFO | ENV_LOADED
2026-05-12 10:11:46,596 | INFO | CONFIG_LOADED
2026-05-12 10:11:46,610 | INFO | DB_INITIALIZED
2026-05-12 10:11:52,109 | ERROR | APPLICATION_STARTUP_FAILED | error=(psycopg2.OperationalError) connection to server at "aws-0-eu-west-1.pooler.supabase.com" (34.241.16.247), port 5432 failed: server closed the connection unexpectedly
	This probably means the server terminated abnormally
	before or while processing the request.

(Background on this error at: https://sqlalche.me/e/20/e3q8)
2026-05-12 10:16:25,259 | INFO | APPLICATION_STARTUP
2026-05-12 10:16:25,260 | INFO | ENV_LOADED
2026-05-12 10:16:25,261 | INFO | CONFIG_LOADED
2026-05-12 10:16:25,458 | INFO | DB_INITIALIZED
2026-05-12 10:16:29,039 | INFO | DATABASE_CONNECTED
2026-05-12 10:16:29,244 | INFO | JWT_INITIALIZED
2026-05-12 10:16:29,253 | INFO | MIGRATION_INITIALIZED
2026-05-12 10:16:29,481 | INFO | AUTH_BLUEPRINT_REGISTERED
2026-05-12 10:16:29,482 | INFO | APPLICATION_READY
2026-05-12 10:16:30,076 | INFO | APPLICATION_STARTUP
2026-05-12 10:16:30,076 | INFO | ENV_LOADED
2026-05-12 10:16:30,077 | INFO | CONFIG_LOADED
2026-05-12 10:16:30,088 | INFO | DB_INITIALIZED
2026-05-12 10:16:33,723 | INFO | DATABASE_CONNECTED
2026-05-12 10:16:34,041 | INFO | JWT_INITIALIZED
2026-05-12 10:16:34,050 | INFO | MIGRATION_INITIALIZED
2026-05-12 10:16:34,152 | INFO | AUTH_BLUEPRINT_REGISTERED
2026-05-12 10:16:34,152 | INFO | APPLICATION_READY
2026-05-12 10:18:55,006 | INFO | APPLICATION_STARTUP
2026-05-12 10:18:55,008 | INFO | ENV_LOADED
2026-05-12 10:18:55,009 | INFO | CONFIG_LOADED
2026-05-12 10:18:55,050 | INFO | DB_INITIALIZED
2026-05-12 10:18:58,674 | INFO | DATABASE_CONNECTED
2026-05-12 10:18:58,890 | INFO | JWT_INITIALIZED
2026-05-12 10:18:58,902 | INFO | MIGRATION_INITIALIZED
2026-05-12 10:18:59,006 | INFO | AUTH_BLUEPRINT_REGISTERED
2026-05-12 10:18:59,007 | INFO | APPLICATION_READY
